2023-02-16 18:38:54,639 CRIT Supervisor is running as root.  Privileges were not dropped because no user is specified in the config file.  If you intend to run as root, you can set user=root in the config file to avoid this message.
2023-02-16 18:38:54,640 INFO Included extra file "/etc/supervisor/conf.d/supervisord.conf" during parsing
2023-02-16 18:38:54,659 INFO RPC interface 'supervisor' initialized
2023-02-16 18:38:54,660 CRIT Server 'unix_http_server' running without any HTTP authentication checking
2023-02-16 18:40:37,198 CRIT Supervisor is running as root.  Privileges were not dropped because no user is specified in the config file.  If you intend to run as root, you can set user=root in the config file to avoid this message.
2023-02-16 18:40:37,199 INFO Included extra file "/etc/supervisor/conf.d/supervisord.conf" during parsing
2023-02-16 18:40:37,227 INFO RPC interface 'supervisor' initialized
2023-02-16 18:40:37,228 CRIT Server 'unix_http_server' running without any HTTP authentication checking
2023-02-16 18:41:42,382 CRIT Supervisor is running as root.  Privileges were not dropped because no user is specified in the config file.  If you intend to run as root, you can set user=root in the config file to avoid this message.
2023-02-16 18:41:42,382 INFO Included extra file "/etc/supervisor/conf.d/supervisord.conf" during parsing
2023-02-16 18:41:42,410 INFO RPC interface 'supervisor' initialized
2023-02-16 18:41:42,410 CRIT Server 'unix_http_server' running without any HTTP authentication checking
2023-02-16 18:41:51,760 CRIT Supervisor is running as root.  Privileges were not dropped because no user is specified in the config file.  If you intend to run as root, you can set user=root in the config file to avoid this message.
2023-02-16 18:41:51,761 WARN No file matches via include "/etc/supervisor/conf.d/*.conf"
2023-02-16 18:41:51,778 INFO RPC interface 'supervisor' initialized
2023-02-16 18:41:51,779 CRIT Server 'unix_http_server' running without any HTTP authentication checking
2023-02-16 18:41:58,695 CRIT Supervisor is running as root.  Privileges were not dropped because no user is specified in the config file.  If you intend to run as root, you can set user=root in the config file to avoid this message.
2023-02-16 18:41:58,696 INFO Included extra file "/etc/supervisor/conf.d/supervisord.conf" during parsing
2023-02-16 18:41:58,718 INFO RPC interface 'supervisor' initialized
2023-02-16 18:41:58,719 CRIT Server 'unix_http_server' running without any HTTP authentication checking
